[INFO ] 2019-12-17 22:13:16.669 [main] SAXHandler - start SAX reading
[INFO ] 2019-12-17 22:13:16.671 [main] SAXHandler - <-----newspaper element----->
[INFO ] 2019-12-17 22:13:16.673 [main] SAXHandler - title -> Test newspaper1
[INFO ] 2019-12-17 22:13:16.673 [main] SAXHandler - monthly -> true
[INFO ] 2019-12-17 22:13:16.673 [main] SAXHandler - color -> false
[INFO ] 2019-12-17 22:13:16.673 [main] SAXHandler - volume -> 15
[INFO ] 2019-12-17 22:13:16.673 [main] SAXHandler - type -> newspaper
[INFO ] 2019-12-17 22:13:16.673 [main] SAXHandler - glossy -> false
[INFO ] 2019-12-17 22:13:16.674 [main] SAXHandler - index -> 44654
[INFO ] 2019-12-17 22:13:16.674 [main] SAXHandler - <-----element end----->
[INFO ] 2019-12-17 22:13:16.674 [main] SAXHandler - <-----booklet element----->
[INFO ] 2019-12-17 22:13:16.674 [main] SAXHandler - title -> Test booklet1
[INFO ] 2019-12-17 22:13:16.675 [main] SAXHandler - monthly -> true
[INFO ] 2019-12-17 22:13:16.675 [main] SAXHandler - color -> true
[INFO ] 2019-12-17 22:13:16.675 [main] SAXHandler - volume -> 2
[INFO ] 2019-12-17 22:13:16.675 [main] SAXHandler - type -> booklet
[INFO ] 2019-12-17 22:13:16.675 [main] SAXHandler - glossy -> true
[INFO ] 2019-12-17 22:13:16.675 [main] SAXHandler - <-----element end----->
[INFO ] 2019-12-17 22:13:16.675 [main] SAXHandler - <-----magazine element start----->
[INFO ] 2019-12-17 22:13:16.675 [main] SAXHandler - title -> Test magazine1
[INFO ] 2019-12-17 22:13:16.675 [main] SAXHandler - monthly -> false
[INFO ] 2019-12-17 22:13:16.675 [main] SAXHandler - color -> true
[INFO ] 2019-12-17 22:13:16.675 [main] SAXHandler - volume -> 33
[INFO ] 2019-12-17 22:13:16.675 [main] SAXHandler - type -> magazine
[INFO ] 2019-12-17 22:13:16.676 [main] SAXHandler - glossy -> true
[INFO ] 2019-12-17 22:13:16.676 [main] SAXHandler - index -> 469854
[INFO ] 2019-12-17 22:13:16.676 [main] SAXHandler - <-----element end----->
[INFO ] 2019-12-17 22:13:16.676 [main] SAXHandler - <-----booklet element----->
[INFO ] 2019-12-17 22:13:16.676 [main] SAXHandler - title -> Test booklet2
[INFO ] 2019-12-17 22:13:16.676 [main] SAXHandler - monthly -> false
[INFO ] 2019-12-17 22:13:16.676 [main] SAXHandler - color -> true
[INFO ] 2019-12-17 22:13:16.676 [main] SAXHandler - volume -> 56
[INFO ] 2019-12-17 22:13:16.676 [main] SAXHandler - type -> booklet
[INFO ] 2019-12-17 22:13:16.676 [main] SAXHandler - glossy -> true
[INFO ] 2019-12-17 22:13:16.676 [main] SAXHandler - <-----element end----->
[INFO ] 2019-12-17 22:13:16.676 [main] SAXHandler - end SAX reading
[INFO ] 2019-12-17 22:16:04.373 [main] StAXHandler - <-----newspaper element start----->
[INFO ] 2019-12-17 22:16:04.376 [main] StAXHandler - title -> Test newspaper1
[INFO ] 2019-12-17 22:16:04.376 [main] StAXHandler - end StAX reading
[INFO ] 2019-12-17 22:16:04.376 [main] StAXHandler - monthly -> true
[INFO ] 2019-12-17 22:16:04.376 [main] StAXHandler - end StAX reading
[INFO ] 2019-12-17 22:16:04.376 [main] StAXHandler - color -> false
[INFO ] 2019-12-17 22:16:04.376 [main] StAXHandler - end StAX reading
[INFO ] 2019-12-17 22:16:04.376 [main] StAXHandler - volume -> 15
[INFO ] 2019-12-17 22:16:04.377 [main] StAXHandler - end StAX reading
[INFO ] 2019-12-17 22:16:04.377 [main] StAXHandler - type -> newspaper
[INFO ] 2019-12-17 22:16:04.377 [main] StAXHandler - end StAX reading
[INFO ] 2019-12-17 22:16:04.377 [main] StAXHandler - glossy -> false
[INFO ] 2019-12-17 22:16:04.377 [main] StAXHandler - end StAX reading
[INFO ] 2019-12-17 22:16:04.377 [main] StAXHandler - index -> 44654
[INFO ] 2019-12-17 22:16:04.377 [main] StAXHandler - end StAX reading
[INFO ] 2019-12-17 22:16:04.377 [main] StAXHandler - end StAX reading
[INFO ] 2019-12-17 22:16:04.377 [main] StAXHandler - <-----booklet element start----->
[INFO ] 2019-12-17 22:16:04.377 [main] StAXHandler - title -> Test booklet1
[INFO ] 2019-12-17 22:16:04.377 [main] StAXHandler - end StAX reading
[INFO ] 2019-12-17 22:16:04.377 [main] StAXHandler - monthly -> true
[INFO ] 2019-12-17 22:16:04.377 [main] StAXHandler - end StAX reading
[INFO ] 2019-12-17 22:16:04.377 [main] StAXHandler - color -> true
[INFO ] 2019-12-17 22:16:04.378 [main] StAXHandler - end StAX reading
[INFO ] 2019-12-17 22:16:04.378 [main] StAXHandler - volume -> 2
[INFO ] 2019-12-17 22:16:04.378 [main] StAXHandler - end StAX reading
[INFO ] 2019-12-17 22:16:04.378 [main] StAXHandler - type -> booklet
[INFO ] 2019-12-17 22:16:04.378 [main] StAXHandler - end StAX reading
[INFO ] 2019-12-17 22:16:04.378 [main] StAXHandler - glossy -> true
[INFO ] 2019-12-17 22:16:04.378 [main] StAXHandler - end StAX reading
[INFO ] 2019-12-17 22:16:04.378 [main] StAXHandler - end StAX reading
[INFO ] 2019-12-17 22:16:04.378 [main] StAXHandler - <-----magazine element start----->
[INFO ] 2019-12-17 22:16:04.378 [main] StAXHandler - title -> Test magazine1
[INFO ] 2019-12-17 22:16:04.378 [main] StAXHandler - end StAX reading
[INFO ] 2019-12-17 22:16:04.379 [main] StAXHandler - monthly -> false
[INFO ] 2019-12-17 22:16:04.379 [main] StAXHandler - end StAX reading
[INFO ] 2019-12-17 22:16:04.379 [main] StAXHandler - color -> true
[INFO ] 2019-12-17 22:16:04.379 [main] StAXHandler - end StAX reading
[INFO ] 2019-12-17 22:16:04.379 [main] StAXHandler - volume -> 33
[INFO ] 2019-12-17 22:16:04.379 [main] StAXHandler - end StAX reading
[INFO ] 2019-12-17 22:16:04.379 [main] StAXHandler - type -> magazine
[INFO ] 2019-12-17 22:16:04.379 [main] StAXHandler - end StAX reading
[INFO ] 2019-12-17 22:16:04.379 [main] StAXHandler - glossy -> true
[INFO ] 2019-12-17 22:16:04.379 [main] StAXHandler - end StAX reading
[INFO ] 2019-12-17 22:16:04.379 [main] StAXHandler - index -> 469854
[INFO ] 2019-12-17 22:16:04.379 [main] StAXHandler - end StAX reading
[INFO ] 2019-12-17 22:16:04.379 [main] StAXHandler - end StAX reading
[INFO ] 2019-12-17 22:16:04.379 [main] StAXHandler - <-----booklet element start----->
[INFO ] 2019-12-17 22:16:04.379 [main] StAXHandler - title -> Test booklet2
[INFO ] 2019-12-17 22:16:04.379 [main] StAXHandler - end StAX reading
[INFO ] 2019-12-17 22:16:04.379 [main] StAXHandler - monthly -> false
[INFO ] 2019-12-17 22:16:04.379 [main] StAXHandler - end StAX reading
[INFO ] 2019-12-17 22:16:04.379 [main] StAXHandler - color -> true
[INFO ] 2019-12-17 22:16:04.380 [main] StAXHandler - end StAX reading
[INFO ] 2019-12-17 22:16:04.380 [main] StAXHandler - volume -> 56
[INFO ] 2019-12-17 22:16:04.380 [main] StAXHandler - end StAX reading
[INFO ] 2019-12-17 22:16:04.380 [main] StAXHandler - type -> booklet
[INFO ] 2019-12-17 22:16:04.380 [main] StAXHandler - end StAX reading
[INFO ] 2019-12-17 22:16:04.380 [main] StAXHandler - glossy -> true
[INFO ] 2019-12-17 22:16:04.380 [main] StAXHandler - end StAX reading
[INFO ] 2019-12-17 22:16:04.380 [main] StAXHandler - end StAX reading
[INFO ] 2019-12-17 22:16:04.380 [main] StAXHandler - end StAX reading
[INFO ] 2019-12-17 22:16:04.380 [main] StAXHandler - end StAX reading
[INFO ] 2019-12-17 22:16:04.418 [main] SAXHandler - start SAX reading
[INFO ] 2019-12-17 22:16:04.419 [main] SAXHandler - <-----newspaper element----->
[INFO ] 2019-12-17 22:16:04.428 [main] SAXHandler - title -> Test newspaper1
[INFO ] 2019-12-17 22:16:04.428 [main] SAXHandler - monthly -> true
[INFO ] 2019-12-17 22:16:04.428 [main] SAXHandler - color -> false
[INFO ] 2019-12-17 22:16:04.428 [main] SAXHandler - volume -> 15
[INFO ] 2019-12-17 22:16:04.428 [main] SAXHandler - type -> newspaper
[INFO ] 2019-12-17 22:16:04.428 [main] SAXHandler - glossy -> false
[INFO ] 2019-12-17 22:16:04.429 [main] SAXHandler - index -> 44654
[INFO ] 2019-12-17 22:16:04.429 [main] SAXHandler - <-----element end----->
[INFO ] 2019-12-17 22:16:04.429 [main] SAXHandler - <-----booklet element----->
[INFO ] 2019-12-17 22:16:04.429 [main] SAXHandler - title -> Test booklet1
[INFO ] 2019-12-17 22:16:04.429 [main] SAXHandler - monthly -> true
[INFO ] 2019-12-17 22:16:04.429 [main] SAXHandler - color -> true
[INFO ] 2019-12-17 22:16:04.429 [main] SAXHandler - volume -> 2
[INFO ] 2019-12-17 22:16:04.429 [main] SAXHandler - type -> booklet
[INFO ] 2019-12-17 22:16:04.449 [main] SAXHandler - glossy -> true
[INFO ] 2019-12-17 22:16:04.449 [main] SAXHandler - <-----element end----->
[INFO ] 2019-12-17 22:16:04.449 [main] SAXHandler - <-----magazine element start----->
[INFO ] 2019-12-17 22:16:04.452 [main] SAXHandler - title -> Test magazine1
[INFO ] 2019-12-17 22:16:04.452 [main] SAXHandler - monthly -> false
[INFO ] 2019-12-17 22:16:04.453 [main] SAXHandler - color -> true
[INFO ] 2019-12-17 22:16:04.453 [main] SAXHandler - volume -> 33
[INFO ] 2019-12-17 22:16:04.453 [main] SAXHandler - type -> magazine
[INFO ] 2019-12-17 22:16:04.453 [main] SAXHandler - glossy -> true
[INFO ] 2019-12-17 22:16:04.453 [main] SAXHandler - index -> 469854
[INFO ] 2019-12-17 22:16:04.453 [main] SAXHandler - <-----element end----->
[INFO ] 2019-12-17 22:16:04.453 [main] SAXHandler - <-----booklet element----->
[INFO ] 2019-12-17 22:16:04.453 [main] SAXHandler - title -> Test booklet2
[INFO ] 2019-12-17 22:16:04.453 [main] SAXHandler - monthly -> false
[INFO ] 2019-12-17 22:16:04.458 [main] SAXHandler - color -> true
[INFO ] 2019-12-17 22:16:04.458 [main] SAXHandler - volume -> 56
[INFO ] 2019-12-17 22:16:04.458 [main] SAXHandler - type -> booklet
[INFO ] 2019-12-17 22:16:04.458 [main] SAXHandler - glossy -> true
[INFO ] 2019-12-17 22:16:04.458 [main] SAXHandler - <-----element end----->
[INFO ] 2019-12-17 22:16:04.458 [main] SAXHandler - end SAX reading
[INFO ] 2019-12-17 22:19:14.199 [main] DOMHandler - start DOM reading
[INFO ] 2019-12-17 22:19:14.201 [main] DOMHandler - <-----magazine element start----->
[INFO ] 2019-12-17 22:19:14.202 [main] DOMHandler - title -> Test magazine1
[INFO ] 2019-12-17 22:19:14.203 [main] DOMHandler - monthly -> false
[INFO ] 2019-12-17 22:19:14.203 [main] DOMHandler - color -> true
[INFO ] 2019-12-17 22:19:14.203 [main] DOMHandler - volume -> 33
[INFO ] 2019-12-17 22:19:14.203 [main] DOMHandler - type -> magazine
[INFO ] 2019-12-17 22:19:14.203 [main] DOMHandler - glossy -> true
[INFO ] 2019-12-17 22:19:14.203 [main] DOMHandler - index -> 469854
[INFO ] 2019-12-17 22:19:14.203 [main] DOMHandler - <-----newspaper element start----->
[INFO ] 2019-12-17 22:19:14.203 [main] DOMHandler - title -> Test newspaper1
[INFO ] 2019-12-17 22:19:14.203 [main] DOMHandler - monthly -> true
[INFO ] 2019-12-17 22:19:14.203 [main] DOMHandler - color -> false
[INFO ] 2019-12-17 22:19:14.203 [main] DOMHandler - volume -> 15
[INFO ] 2019-12-17 22:19:14.204 [main] DOMHandler - type -> newspaper
[INFO ] 2019-12-17 22:19:14.204 [main] DOMHandler - glossy -> false
[INFO ] 2019-12-17 22:19:14.204 [main] DOMHandler - index -> 44654
[INFO ] 2019-12-17 22:19:14.204 [main] DOMHandler - <-----booklet element start----->
[INFO ] 2019-12-17 22:19:14.204 [main] DOMHandler - title -> Test booklet1
[INFO ] 2019-12-17 22:19:14.204 [main] DOMHandler - monthly -> true
[INFO ] 2019-12-17 22:19:14.204 [main] DOMHandler - color -> true
[INFO ] 2019-12-17 22:19:14.204 [main] DOMHandler - volume -> 2
[INFO ] 2019-12-17 22:19:14.204 [main] DOMHandler - type -> booklet
[INFO ] 2019-12-17 22:19:14.204 [main] DOMHandler - glossy -> true
[INFO ] 2019-12-17 22:19:14.204 [main] DOMHandler - <-----booklet element start----->
[INFO ] 2019-12-17 22:19:14.204 [main] DOMHandler - title -> Test booklet2
[INFO ] 2019-12-17 22:19:14.204 [main] DOMHandler - monthly -> false
[INFO ] 2019-12-17 22:19:14.204 [main] DOMHandler - color -> true
[INFO ] 2019-12-17 22:19:14.204 [main] DOMHandler - volume -> 56
[INFO ] 2019-12-17 22:19:14.205 [main] DOMHandler - type -> booklet
[INFO ] 2019-12-17 22:19:14.205 [main] DOMHandler - glossy -> true
[INFO ] 2019-12-17 22:19:14.205 [main] DOMHandler - end DOM reading
[INFO ] 2019-12-17 22:19:14.264 [main] StAXHandler - <-----newspaper element start----->
[INFO ] 2019-12-17 22:19:14.264 [main] StAXHandler - title -> Test newspaper1
[INFO ] 2019-12-17 22:19:14.264 [main] StAXHandler - end StAX reading
[INFO ] 2019-12-17 22:19:14.264 [main] StAXHandler - monthly -> true
[INFO ] 2019-12-17 22:19:14.264 [main] StAXHandler - end StAX reading
[INFO ] 2019-12-17 22:19:14.265 [main] StAXHandler - color -> false
[INFO ] 2019-12-17 22:19:14.265 [main] StAXHandler - end StAX reading
[INFO ] 2019-12-17 22:19:14.265 [main] StAXHandler - volume -> 15
[INFO ] 2019-12-17 22:19:14.265 [main] StAXHandler - end StAX reading
[INFO ] 2019-12-17 22:19:14.265 [main] StAXHandler - type -> newspaper
[INFO ] 2019-12-17 22:19:14.265 [main] StAXHandler - end StAX reading
[INFO ] 2019-12-17 22:19:14.265 [main] StAXHandler - glossy -> false
[INFO ] 2019-12-17 22:19:14.265 [main] StAXHandler - end StAX reading
[INFO ] 2019-12-17 22:19:14.265 [main] StAXHandler - index -> 44654
[INFO ] 2019-12-17 22:19:14.265 [main] StAXHandler - end StAX reading
[INFO ] 2019-12-17 22:19:14.265 [main] StAXHandler - end StAX reading
[INFO ] 2019-12-17 22:19:14.266 [main] StAXHandler - <-----booklet element start----->
[INFO ] 2019-12-17 22:19:14.266 [main] StAXHandler - title -> Test booklet1
[INFO ] 2019-12-17 22:19:14.266 [main] StAXHandler - end StAX reading
[INFO ] 2019-12-17 22:19:14.266 [main] StAXHandler - monthly -> true
[INFO ] 2019-12-17 22:19:14.266 [main] StAXHandler - end StAX reading
[INFO ] 2019-12-17 22:19:14.266 [main] StAXHandler - color -> true
[INFO ] 2019-12-17 22:19:14.266 [main] StAXHandler - end StAX reading
[INFO ] 2019-12-17 22:19:14.266 [main] StAXHandler - volume -> 2
[INFO ] 2019-12-17 22:19:14.266 [main] StAXHandler - end StAX reading
[INFO ] 2019-12-17 22:19:14.266 [main] StAXHandler - type -> booklet
[INFO ] 2019-12-17 22:19:14.266 [main] StAXHandler - end StAX reading
[INFO ] 2019-12-17 22:19:14.266 [main] StAXHandler - glossy -> true
[INFO ] 2019-12-17 22:19:14.266 [main] StAXHandler - end StAX reading
[INFO ] 2019-12-17 22:19:14.266 [main] StAXHandler - end StAX reading
[INFO ] 2019-12-17 22:19:14.267 [main] StAXHandler - <-----magazine element start----->
[INFO ] 2019-12-17 22:19:14.267 [main] StAXHandler - title -> Test magazine1
[INFO ] 2019-12-17 22:19:14.267 [main] StAXHandler - end StAX reading
[INFO ] 2019-12-17 22:19:14.267 [main] StAXHandler - monthly -> false
[INFO ] 2019-12-17 22:19:14.267 [main] StAXHandler - end StAX reading
[INFO ] 2019-12-17 22:19:14.267 [main] StAXHandler - color -> true
[INFO ] 2019-12-17 22:19:14.267 [main] StAXHandler - end StAX reading
[INFO ] 2019-12-17 22:19:14.267 [main] StAXHandler - volume -> 33
[INFO ] 2019-12-17 22:19:14.267 [main] StAXHandler - end StAX reading
[INFO ] 2019-12-17 22:19:14.267 [main] StAXHandler - type -> magazine
[INFO ] 2019-12-17 22:19:14.267 [main] StAXHandler - end StAX reading
[INFO ] 2019-12-17 22:19:14.267 [main] StAXHandler - glossy -> true
[INFO ] 2019-12-17 22:19:14.267 [main] StAXHandler - end StAX reading
[INFO ] 2019-12-17 22:19:14.268 [main] StAXHandler - index -> 469854
[INFO ] 2019-12-17 22:19:14.268 [main] StAXHandler - end StAX reading
[INFO ] 2019-12-17 22:19:14.268 [main] StAXHandler - end StAX reading
[INFO ] 2019-12-17 22:19:14.268 [main] StAXHandler - <-----booklet element start----->
[INFO ] 2019-12-17 22:19:14.268 [main] StAXHandler - title -> Test booklet2
[INFO ] 2019-12-17 22:19:14.271 [main] StAXHandler - end StAX reading
[INFO ] 2019-12-17 22:19:14.271 [main] StAXHandler - monthly -> false
[INFO ] 2019-12-17 22:19:14.271 [main] StAXHandler - end StAX reading
[INFO ] 2019-12-17 22:19:14.271 [main] StAXHandler - color -> true
[INFO ] 2019-12-17 22:19:14.272 [main] StAXHandler - end StAX reading
[INFO ] 2019-12-17 22:19:14.272 [main] StAXHandler - volume -> 56
[INFO ] 2019-12-17 22:19:14.272 [main] StAXHandler - end StAX reading
[INFO ] 2019-12-17 22:19:14.272 [main] StAXHandler - type -> booklet
[INFO ] 2019-12-17 22:19:14.272 [main] StAXHandler - end StAX reading
[INFO ] 2019-12-17 22:19:14.272 [main] StAXHandler - glossy -> true
[INFO ] 2019-12-17 22:19:14.272 [main] StAXHandler - end StAX reading
[INFO ] 2019-12-17 22:19:14.272 [main] StAXHandler - end StAX reading
[INFO ] 2019-12-17 22:19:14.272 [main] StAXHandler - end StAX reading
[INFO ] 2019-12-17 22:19:14.272 [main] StAXHandler - end StAX reading
[INFO ] 2019-12-17 22:19:14.280 [main] SAXHandler - start SAX reading
[INFO ] 2019-12-17 22:19:14.281 [main] SAXHandler - <-----newspaper element----->
[INFO ] 2019-12-17 22:19:14.282 [main] SAXHandler - title -> Test newspaper1
[INFO ] 2019-12-17 22:19:14.282 [main] SAXHandler - monthly -> true
[INFO ] 2019-12-17 22:19:14.282 [main] SAXHandler - color -> false
[INFO ] 2019-12-17 22:19:14.282 [main] SAXHandler - volume -> 15
[INFO ] 2019-12-17 22:19:14.282 [main] SAXHandler - type -> newspaper
[INFO ] 2019-12-17 22:19:14.283 [main] SAXHandler - glossy -> false
[INFO ] 2019-12-17 22:19:14.283 [main] SAXHandler - index -> 44654
[INFO ] 2019-12-17 22:19:14.283 [main] SAXHandler - <-----element end----->
[INFO ] 2019-12-17 22:19:14.283 [main] SAXHandler - <-----booklet element----->
[INFO ] 2019-12-17 22:19:14.283 [main] SAXHandler - title -> Test booklet1
[INFO ] 2019-12-17 22:19:14.283 [main] SAXHandler - monthly -> true
[INFO ] 2019-12-17 22:19:14.283 [main] SAXHandler - color -> true
[INFO ] 2019-12-17 22:19:14.283 [main] SAXHandler - volume -> 2
[INFO ] 2019-12-17 22:19:14.283 [main] SAXHandler - type -> booklet
[INFO ] 2019-12-17 22:19:14.283 [main] SAXHandler - glossy -> true
[INFO ] 2019-12-17 22:19:14.284 [main] SAXHandler - <-----element end----->
[INFO ] 2019-12-17 22:19:14.284 [main] SAXHandler - <-----magazine element start----->
[INFO ] 2019-12-17 22:19:14.284 [main] SAXHandler - title -> Test magazine1
[INFO ] 2019-12-17 22:19:14.284 [main] SAXHandler - monthly -> false
[INFO ] 2019-12-17 22:19:14.284 [main] SAXHandler - color -> true
[INFO ] 2019-12-17 22:19:14.284 [main] SAXHandler - volume -> 33
[INFO ] 2019-12-17 22:19:14.284 [main] SAXHandler - type -> magazine
[INFO ] 2019-12-17 22:19:14.284 [main] SAXHandler - glossy -> true
[INFO ] 2019-12-17 22:19:14.284 [main] SAXHandler - index -> 469854
[INFO ] 2019-12-17 22:19:14.284 [main] SAXHandler - <-----element end----->
[INFO ] 2019-12-17 22:19:14.284 [main] SAXHandler - <-----booklet element----->
[INFO ] 2019-12-17 22:19:14.284 [main] SAXHandler - title -> Test booklet2
[INFO ] 2019-12-17 22:19:14.284 [main] SAXHandler - monthly -> false
[INFO ] 2019-12-17 22:19:14.285 [main] SAXHandler - color -> true
[INFO ] 2019-12-17 22:19:14.285 [main] SAXHandler - volume -> 56
[INFO ] 2019-12-17 22:19:14.285 [main] SAXHandler - type -> booklet
[INFO ] 2019-12-17 22:19:14.285 [main] SAXHandler - glossy -> true
[INFO ] 2019-12-17 22:19:14.285 [main] SAXHandler - <-----element end----->
[INFO ] 2019-12-17 22:19:14.285 [main] SAXHandler - end SAX reading
[INFO ] 2019-12-17 22:19:36.832 [main] DOMHandler - start DOM reading
[INFO ] 2019-12-17 22:19:36.836 [main] DOMHandler - <-----magazine element start----->
[INFO ] 2019-12-17 22:19:36.838 [main] DOMHandler - title -> Test magazine1
[INFO ] 2019-12-17 22:19:36.838 [main] DOMHandler - monthly -> false
[INFO ] 2019-12-17 22:19:36.838 [main] DOMHandler - color -> true
[INFO ] 2019-12-17 22:19:36.839 [main] DOMHandler - volume -> 33
[INFO ] 2019-12-17 22:19:36.839 [main] DOMHandler - type -> magazine
[INFO ] 2019-12-17 22:19:36.839 [main] DOMHandler - glossy -> true
[INFO ] 2019-12-17 22:19:36.839 [main] DOMHandler - index -> 469854
[INFO ] 2019-12-17 22:19:36.839 [main] DOMHandler - <-----newspaper element start----->
[INFO ] 2019-12-17 22:19:36.839 [main] DOMHandler - title -> Test newspaper1
[INFO ] 2019-12-17 22:19:36.839 [main] DOMHandler - monthly -> true
[INFO ] 2019-12-17 22:19:36.839 [main] DOMHandler - color -> false
[INFO ] 2019-12-17 22:19:36.839 [main] DOMHandler - volume -> 15
[INFO ] 2019-12-17 22:19:36.839 [main] DOMHandler - type -> newspaper
[INFO ] 2019-12-17 22:19:36.839 [main] DOMHandler - glossy -> false
[INFO ] 2019-12-17 22:19:36.840 [main] DOMHandler - index -> 44654
[INFO ] 2019-12-17 22:19:36.840 [main] DOMHandler - <-----booklet element start----->
[INFO ] 2019-12-17 22:19:36.840 [main] DOMHandler - title -> Test booklet1
[INFO ] 2019-12-17 22:19:36.840 [main] DOMHandler - monthly -> true
[INFO ] 2019-12-17 22:19:36.840 [main] DOMHandler - color -> true
[INFO ] 2019-12-17 22:19:36.840 [main] DOMHandler - volume -> 2
[INFO ] 2019-12-17 22:19:36.840 [main] DOMHandler - type -> booklet
[INFO ] 2019-12-17 22:19:36.840 [main] DOMHandler - glossy -> true
[INFO ] 2019-12-17 22:19:36.840 [main] DOMHandler - <-----booklet element start----->
[INFO ] 2019-12-17 22:19:36.840 [main] DOMHandler - title -> Test booklet2
[INFO ] 2019-12-17 22:19:36.840 [main] DOMHandler - monthly -> false
[INFO ] 2019-12-17 22:19:36.841 [main] DOMHandler - color -> true
[INFO ] 2019-12-17 22:19:36.841 [main] DOMHandler - volume -> 56
[INFO ] 2019-12-17 22:19:36.841 [main] DOMHandler - type -> booklet
[INFO ] 2019-12-17 22:19:36.841 [main] DOMHandler - glossy -> true
[INFO ] 2019-12-17 22:19:36.841 [main] DOMHandler - end DOM reading
[INFO ] 2019-12-17 22:19:52.111 [main] DOMHandler - start DOM reading
[INFO ] 2019-12-17 22:19:52.113 [main] DOMHandler - <-----magazine element start----->
[INFO ] 2019-12-17 22:19:52.114 [main] DOMHandler - title -> Test magazine1
[INFO ] 2019-12-17 22:19:52.114 [main] DOMHandler - monthly -> false
[INFO ] 2019-12-17 22:19:52.114 [main] DOMHandler - color -> true
[INFO ] 2019-12-17 22:19:52.115 [main] DOMHandler - volume -> 33
[INFO ] 2019-12-17 22:19:52.115 [main] DOMHandler - type -> magazine
[INFO ] 2019-12-17 22:19:52.115 [main] DOMHandler - glossy -> true
[INFO ] 2019-12-17 22:19:52.115 [main] DOMHandler - index -> 469854
[INFO ] 2019-12-17 22:19:52.115 [main] DOMHandler - <-----newspaper element start----->
[INFO ] 2019-12-17 22:19:52.115 [main] DOMHandler - title -> Test newspaper1
[INFO ] 2019-12-17 22:19:52.115 [main] DOMHandler - monthly -> true
[INFO ] 2019-12-17 22:19:52.115 [main] DOMHandler - color -> false
[INFO ] 2019-12-17 22:19:52.115 [main] DOMHandler - volume -> 15
[INFO ] 2019-12-17 22:19:52.115 [main] DOMHandler - type -> newspaper
[INFO ] 2019-12-17 22:19:52.115 [main] DOMHandler - glossy -> false
[INFO ] 2019-12-17 22:19:52.115 [main] DOMHandler - index -> 44654
[INFO ] 2019-12-17 22:19:52.115 [main] DOMHandler - <-----booklet element start----->
[INFO ] 2019-12-17 22:19:52.116 [main] DOMHandler - title -> Test booklet1
[INFO ] 2019-12-17 22:19:52.116 [main] DOMHandler - monthly -> true
[INFO ] 2019-12-17 22:19:52.116 [main] DOMHandler - color -> true
[INFO ] 2019-12-17 22:19:52.116 [main] DOMHandler - volume -> 2
[INFO ] 2019-12-17 22:19:52.116 [main] DOMHandler - type -> booklet
[INFO ] 2019-12-17 22:19:52.116 [main] DOMHandler - glossy -> true
[INFO ] 2019-12-17 22:19:52.116 [main] DOMHandler - <-----booklet element start----->
[INFO ] 2019-12-17 22:19:52.116 [main] DOMHandler - title -> Test booklet2
[INFO ] 2019-12-17 22:19:52.116 [main] DOMHandler - monthly -> false
[INFO ] 2019-12-17 22:19:52.117 [main] DOMHandler - color -> true
[INFO ] 2019-12-17 22:19:52.117 [main] DOMHandler - volume -> 56
[INFO ] 2019-12-17 22:19:52.117 [main] DOMHandler - type -> booklet
[INFO ] 2019-12-17 22:19:52.117 [main] DOMHandler - glossy -> true
[INFO ] 2019-12-17 22:19:52.117 [main] DOMHandler - end DOM reading
[INFO ] 2019-12-17 22:19:56.865 [main] DOMHandler - start DOM reading
[INFO ] 2019-12-17 22:19:56.867 [main] DOMHandler - <-----magazine element start----->
[INFO ] 2019-12-17 22:19:56.867 [main] DOMHandler - title -> Test magazine1
[INFO ] 2019-12-17 22:19:56.868 [main] DOMHandler - monthly -> false
[INFO ] 2019-12-17 22:19:56.868 [main] DOMHandler - color -> true
[INFO ] 2019-12-17 22:19:56.868 [main] DOMHandler - volume -> 33
[INFO ] 2019-12-17 22:19:56.868 [main] DOMHandler - type -> magazine
[INFO ] 2019-12-17 22:19:56.868 [main] DOMHandler - glossy -> true
[INFO ] 2019-12-17 22:19:56.868 [main] DOMHandler - index -> 469854
[INFO ] 2019-12-17 22:19:56.868 [main] DOMHandler - <-----newspaper element start----->
[INFO ] 2019-12-17 22:19:56.869 [main] DOMHandler - title -> Test newspaper1
[INFO ] 2019-12-17 22:19:56.869 [main] DOMHandler - monthly -> true
[INFO ] 2019-12-17 22:19:56.869 [main] DOMHandler - color -> false
[INFO ] 2019-12-17 22:19:56.869 [main] DOMHandler - volume -> 15
[INFO ] 2019-12-17 22:19:56.869 [main] DOMHandler - type -> newspaper
[INFO ] 2019-12-17 22:19:56.869 [main] DOMHandler - glossy -> false
[INFO ] 2019-12-17 22:19:56.869 [main] DOMHandler - index -> 44654
[INFO ] 2019-12-17 22:19:56.869 [main] DOMHandler - <-----booklet element start----->
[INFO ] 2019-12-17 22:19:56.869 [main] DOMHandler - title -> Test booklet1
[INFO ] 2019-12-17 22:19:56.869 [main] DOMHandler - monthly -> true
[INFO ] 2019-12-17 22:19:56.869 [main] DOMHandler - color -> true
[INFO ] 2019-12-17 22:19:56.869 [main] DOMHandler - volume -> 2
[INFO ] 2019-12-17 22:19:56.869 [main] DOMHandler - type -> booklet
[INFO ] 2019-12-17 22:19:56.869 [main] DOMHandler - glossy -> true
[INFO ] 2019-12-17 22:19:56.870 [main] DOMHandler - <-----booklet element start----->
[INFO ] 2019-12-17 22:19:56.870 [main] DOMHandler - title -> Test booklet2
[INFO ] 2019-12-17 22:19:56.870 [main] DOMHandler - monthly -> false
[INFO ] 2019-12-17 22:19:56.870 [main] DOMHandler - color -> true
[INFO ] 2019-12-17 22:19:56.870 [main] DOMHandler - volume -> 56
[INFO ] 2019-12-17 22:19:56.870 [main] DOMHandler - type -> booklet
[INFO ] 2019-12-17 22:19:56.870 [main] DOMHandler - glossy -> true
[INFO ] 2019-12-17 22:19:56.870 [main] DOMHandler - end DOM reading
[INFO ] 2019-12-17 22:19:56.875 [main] StAXHandler - <-----newspaper element start----->
[INFO ] 2019-12-17 22:19:56.875 [main] StAXHandler - title -> Test newspaper1
[INFO ] 2019-12-17 22:19:56.875 [main] StAXHandler - end StAX reading
[INFO ] 2019-12-17 22:19:56.876 [main] StAXHandler - monthly -> true
[INFO ] 2019-12-17 22:19:56.876 [main] StAXHandler - end StAX reading
[INFO ] 2019-12-17 22:19:56.876 [main] StAXHandler - color -> false
[INFO ] 2019-12-17 22:19:56.876 [main] StAXHandler - end StAX reading
[INFO ] 2019-12-17 22:19:56.876 [main] StAXHandler - volume -> 15
[INFO ] 2019-12-17 22:19:56.876 [main] StAXHandler - end StAX reading
[INFO ] 2019-12-17 22:19:56.876 [main] StAXHandler - type -> newspaper
[INFO ] 2019-12-17 22:19:56.876 [main] StAXHandler - end StAX reading
[INFO ] 2019-12-17 22:19:56.876 [main] StAXHandler - glossy -> false
[INFO ] 2019-12-17 22:19:56.876 [main] StAXHandler - end StAX reading
[INFO ] 2019-12-17 22:19:56.876 [main] StAXHandler - index -> 44654
[INFO ] 2019-12-17 22:19:56.876 [main] StAXHandler - end StAX reading
[INFO ] 2019-12-17 22:19:56.876 [main] StAXHandler - end StAX reading
[INFO ] 2019-12-17 22:19:56.877 [main] StAXHandler - <-----booklet element start----->
[INFO ] 2019-12-17 22:19:56.877 [main] StAXHandler - title -> Test booklet1
[INFO ] 2019-12-17 22:19:56.877 [main] StAXHandler - end StAX reading
[INFO ] 2019-12-17 22:19:56.877 [main] StAXHandler - monthly -> true
[INFO ] 2019-12-17 22:19:56.877 [main] StAXHandler - end StAX reading
[INFO ] 2019-12-17 22:19:56.877 [main] StAXHandler - color -> true
[INFO ] 2019-12-17 22:19:56.877 [main] StAXHandler - end StAX reading
[INFO ] 2019-12-17 22:19:56.877 [main] StAXHandler - volume -> 2
[INFO ] 2019-12-17 22:19:56.877 [main] StAXHandler - end StAX reading
[INFO ] 2019-12-17 22:19:56.877 [main] StAXHandler - type -> booklet
[INFO ] 2019-12-17 22:19:56.877 [main] StAXHandler - end StAX reading
[INFO ] 2019-12-17 22:19:56.877 [main] StAXHandler - glossy -> true
[INFO ] 2019-12-17 22:19:56.877 [main] StAXHandler - end StAX reading
[INFO ] 2019-12-17 22:19:56.877 [main] StAXHandler - end StAX reading
[INFO ] 2019-12-17 22:19:56.877 [main] StAXHandler - <-----magazine element start----->
[INFO ] 2019-12-17 22:19:56.878 [main] StAXHandler - title -> Test magazine1
[INFO ] 2019-12-17 22:19:56.878 [main] StAXHandler - end StAX reading
[INFO ] 2019-12-17 22:19:56.878 [main] StAXHandler - monthly -> false
[INFO ] 2019-12-17 22:19:56.878 [main] StAXHandler - end StAX reading
[INFO ] 2019-12-17 22:19:56.878 [main] StAXHandler - color -> true
[INFO ] 2019-12-17 22:19:56.878 [main] StAXHandler - end StAX reading
[INFO ] 2019-12-17 22:19:56.878 [main] StAXHandler - volume -> 33
[INFO ] 2019-12-17 22:19:56.878 [main] StAXHandler - end StAX reading
[INFO ] 2019-12-17 22:19:56.878 [main] StAXHandler - type -> magazine
[INFO ] 2019-12-17 22:19:56.878 [main] StAXHandler - end StAX reading
[INFO ] 2019-12-17 22:19:56.878 [main] StAXHandler - glossy -> true
[INFO ] 2019-12-17 22:19:56.878 [main] StAXHandler - end StAX reading
[INFO ] 2019-12-17 22:19:56.878 [main] StAXHandler - index -> 469854
[INFO ] 2019-12-17 22:19:56.879 [main] StAXHandler - end StAX reading
[INFO ] 2019-12-17 22:19:56.879 [main] StAXHandler - end StAX reading
[INFO ] 2019-12-17 22:19:56.879 [main] StAXHandler - <-----booklet element start----->
[INFO ] 2019-12-17 22:19:56.879 [main] StAXHandler - title -> Test booklet2
[INFO ] 2019-12-17 22:19:56.879 [main] StAXHandler - end StAX reading
[INFO ] 2019-12-17 22:19:56.879 [main] StAXHandler - monthly -> false
[INFO ] 2019-12-17 22:19:56.879 [main] StAXHandler - end StAX reading
[INFO ] 2019-12-17 22:19:56.879 [main] StAXHandler - color -> true
[INFO ] 2019-12-17 22:19:56.879 [main] StAXHandler - end StAX reading
[INFO ] 2019-12-17 22:19:56.879 [main] StAXHandler - volume -> 56
[INFO ] 2019-12-17 22:19:56.880 [main] StAXHandler - end StAX reading
[INFO ] 2019-12-17 22:19:56.880 [main] StAXHandler - type -> booklet
[INFO ] 2019-12-17 22:19:56.880 [main] StAXHandler - end StAX reading
[INFO ] 2019-12-17 22:19:56.880 [main] StAXHandler - glossy -> true
[INFO ] 2019-12-17 22:19:56.880 [main] StAXHandler - end StAX reading
[INFO ] 2019-12-17 22:19:56.880 [main] StAXHandler - end StAX reading
[INFO ] 2019-12-17 22:19:56.880 [main] StAXHandler - end StAX reading
[INFO ] 2019-12-17 22:19:56.880 [main] StAXHandler - end StAX reading
[INFO ] 2019-12-17 22:19:56.897 [main] SAXHandler - start SAX reading
[INFO ] 2019-12-17 22:19:56.899 [main] SAXHandler - <-----newspaper element----->
[INFO ] 2019-12-17 22:19:56.900 [main] SAXHandler - title -> Test newspaper1
[INFO ] 2019-12-17 22:19:56.900 [main] SAXHandler - monthly -> true
[INFO ] 2019-12-17 22:19:56.900 [main] SAXHandler - color -> false
[INFO ] 2019-12-17 22:19:56.900 [main] SAXHandler - volume -> 15
[INFO ] 2019-12-17 22:19:56.900 [main] SAXHandler - type -> newspaper
[INFO ] 2019-12-17 22:19:56.900 [main] SAXHandler - glossy -> false
[INFO ] 2019-12-17 22:19:56.901 [main] SAXHandler - index -> 44654
[INFO ] 2019-12-17 22:19:56.901 [main] SAXHandler - <-----element end----->
[INFO ] 2019-12-17 22:19:56.901 [main] SAXHandler - <-----booklet element----->
[INFO ] 2019-12-17 22:19:56.901 [main] SAXHandler - title -> Test booklet1
[INFO ] 2019-12-17 22:19:56.901 [main] SAXHandler - monthly -> true
[INFO ] 2019-12-17 22:19:56.901 [main] SAXHandler - color -> true
[INFO ] 2019-12-17 22:19:56.901 [main] SAXHandler - volume -> 2
[INFO ] 2019-12-17 22:19:56.901 [main] SAXHandler - type -> booklet
[INFO ] 2019-12-17 22:19:56.901 [main] SAXHandler - glossy -> true
[INFO ] 2019-12-17 22:19:56.901 [main] SAXHandler - <-----element end----->
[INFO ] 2019-12-17 22:19:56.902 [main] SAXHandler - <-----magazine element start----->
[INFO ] 2019-12-17 22:19:56.902 [main] SAXHandler - title -> Test magazine1
[INFO ] 2019-12-17 22:19:56.902 [main] SAXHandler - monthly -> false
[INFO ] 2019-12-17 22:19:56.902 [main] SAXHandler - color -> true
[INFO ] 2019-12-17 22:19:56.902 [main] SAXHandler - volume -> 33
[INFO ] 2019-12-17 22:19:56.902 [main] SAXHandler - type -> magazine
[INFO ] 2019-12-17 22:19:56.902 [main] SAXHandler - glossy -> true
[INFO ] 2019-12-17 22:19:56.902 [main] SAXHandler - index -> 469854
[INFO ] 2019-12-17 22:19:56.903 [main] SAXHandler - <-----element end----->
[INFO ] 2019-12-17 22:19:56.903 [main] SAXHandler - <-----booklet element----->
[INFO ] 2019-12-17 22:19:56.903 [main] SAXHandler - title -> Test booklet2
[INFO ] 2019-12-17 22:19:56.903 [main] SAXHandler - monthly -> false
[INFO ] 2019-12-17 22:19:56.903 [main] SAXHandler - color -> true
[INFO ] 2019-12-17 22:19:56.903 [main] SAXHandler - volume -> 56
[INFO ] 2019-12-17 22:19:56.903 [main] SAXHandler - type -> booklet
[INFO ] 2019-12-17 22:19:56.903 [main] SAXHandler - glossy -> true
[INFO ] 2019-12-17 22:19:56.903 [main] SAXHandler - <-----element end----->
[INFO ] 2019-12-17 22:19:56.904 [main] SAXHandler - end SAX reading
[INFO ] 2019-12-17 22:20:19.969 [main] DOMHandler - start DOM reading
[INFO ] 2019-12-17 22:20:19.971 [main] DOMHandler - <-----magazine element start----->
[INFO ] 2019-12-17 22:20:19.972 [main] DOMHandler - title -> Test magazine1
[INFO ] 2019-12-17 22:20:19.972 [main] DOMHandler - monthly -> false
[INFO ] 2019-12-17 22:20:19.972 [main] DOMHandler - color -> true
[INFO ] 2019-12-17 22:20:19.972 [main] DOMHandler - volume -> 33
[INFO ] 2019-12-17 22:20:19.972 [main] DOMHandler - type -> magazine
[INFO ] 2019-12-17 22:20:19.972 [main] DOMHandler - glossy -> true
[INFO ] 2019-12-17 22:20:19.973 [main] DOMHandler - index -> 469854
[INFO ] 2019-12-17 22:20:19.973 [main] DOMHandler - <-----newspaper element start----->
[INFO ] 2019-12-17 22:20:19.973 [main] DOMHandler - title -> Test newspaper1
[INFO ] 2019-12-17 22:20:19.973 [main] DOMHandler - monthly -> true
[INFO ] 2019-12-17 22:20:19.973 [main] DOMHandler - color -> false
[INFO ] 2019-12-17 22:20:19.973 [main] DOMHandler - volume -> 15
[INFO ] 2019-12-17 22:20:19.973 [main] DOMHandler - type -> newspaper
[INFO ] 2019-12-17 22:20:19.973 [main] DOMHandler - glossy -> false
[INFO ] 2019-12-17 22:20:19.973 [main] DOMHandler - index -> 44654
[INFO ] 2019-12-17 22:20:19.973 [main] DOMHandler - <-----booklet element start----->
[INFO ] 2019-12-17 22:20:19.973 [main] DOMHandler - title -> Test booklet1
[INFO ] 2019-12-17 22:20:19.973 [main] DOMHandler - monthly -> true
[INFO ] 2019-12-17 22:20:19.973 [main] DOMHandler - color -> true
[INFO ] 2019-12-17 22:20:19.973 [main] DOMHandler - volume -> 2
[INFO ] 2019-12-17 22:20:19.973 [main] DOMHandler - type -> booklet
[INFO ] 2019-12-17 22:20:19.973 [main] DOMHandler - glossy -> true
[INFO ] 2019-12-17 22:20:19.973 [main] DOMHandler - <-----booklet element start----->
[INFO ] 2019-12-17 22:20:19.974 [main] DOMHandler - title -> Test booklet2
[INFO ] 2019-12-17 22:20:19.974 [main] DOMHandler - monthly -> false
[INFO ] 2019-12-17 22:20:19.974 [main] DOMHandler - color -> true
[INFO ] 2019-12-17 22:20:19.974 [main] DOMHandler - volume -> 56
[INFO ] 2019-12-17 22:20:19.974 [main] DOMHandler - type -> booklet
[INFO ] 2019-12-17 22:20:19.974 [main] DOMHandler - glossy -> true
[INFO ] 2019-12-17 22:20:19.974 [main] DOMHandler - end DOM reading
[INFO ] 2019-12-17 22:20:19.992 [main] StAXHandler - <-----newspaper element start----->
[INFO ] 2019-12-17 22:20:19.993 [main] StAXHandler - title -> Test newspaper1
[INFO ] 2019-12-17 22:20:19.993 [main] StAXHandler - end StAX reading
[INFO ] 2019-12-17 22:20:19.993 [main] StAXHandler - monthly -> true
[INFO ] 2019-12-17 22:20:19.993 [main] StAXHandler - end StAX reading
[INFO ] 2019-12-17 22:20:19.993 [main] StAXHandler - color -> false
[INFO ] 2019-12-17 22:20:19.993 [main] StAXHandler - end StAX reading
[INFO ] 2019-12-17 22:20:19.993 [main] StAXHandler - volume -> 15
[INFO ] 2019-12-17 22:20:19.993 [main] StAXHandler - end StAX reading
[INFO ] 2019-12-17 22:20:19.994 [main] StAXHandler - type -> newspaper
[INFO ] 2019-12-17 22:20:19.994 [main] StAXHandler - end StAX reading
[INFO ] 2019-12-17 22:20:19.994 [main] StAXHandler - glossy -> false
[INFO ] 2019-12-17 22:20:19.994 [main] StAXHandler - end StAX reading
[INFO ] 2019-12-17 22:20:19.994 [main] StAXHandler - index -> 44654
[INFO ] 2019-12-17 22:20:19.994 [main] StAXHandler - end StAX reading
[INFO ] 2019-12-17 22:20:19.994 [main] StAXHandler - end StAX reading
[INFO ] 2019-12-17 22:20:19.994 [main] StAXHandler - <-----booklet element start----->
[INFO ] 2019-12-17 22:20:19.994 [main] StAXHandler - title -> Test booklet1
[INFO ] 2019-12-17 22:20:19.994 [main] StAXHandler - end StAX reading
[INFO ] 2019-12-17 22:20:19.994 [main] StAXHandler - monthly -> true
[INFO ] 2019-12-17 22:20:19.995 [main] StAXHandler - end StAX reading
[INFO ] 2019-12-17 22:20:19.995 [main] StAXHandler - color -> true
[INFO ] 2019-12-17 22:20:19.995 [main] StAXHandler - end StAX reading
[INFO ] 2019-12-17 22:20:19.995 [main] StAXHandler - volume -> 2
[INFO ] 2019-12-17 22:20:19.995 [main] StAXHandler - end StAX reading
[INFO ] 2019-12-17 22:20:19.995 [main] StAXHandler - type -> booklet
[INFO ] 2019-12-17 22:20:19.995 [main] StAXHandler - end StAX reading
[INFO ] 2019-12-17 22:20:19.995 [main] StAXHandler - glossy -> true
[INFO ] 2019-12-17 22:20:19.995 [main] StAXHandler - end StAX reading
[INFO ] 2019-12-17 22:20:19.995 [main] StAXHandler - end StAX reading
[INFO ] 2019-12-17 22:20:19.995 [main] StAXHandler - <-----magazine element start----->
[INFO ] 2019-12-17 22:20:19.995 [main] StAXHandler - title -> Test magazine1
[INFO ] 2019-12-17 22:20:19.995 [main] StAXHandler - end StAX reading
[INFO ] 2019-12-17 22:20:19.995 [main] StAXHandler - monthly -> false
[INFO ] 2019-12-17 22:20:19.995 [main] StAXHandler - end StAX reading
[INFO ] 2019-12-17 22:20:19.995 [main] StAXHandler - color -> true
[INFO ] 2019-12-17 22:20:19.995 [main] StAXHandler - end StAX reading
[INFO ] 2019-12-17 22:20:19.995 [main] StAXHandler - volume -> 33
[INFO ] 2019-12-17 22:20:19.996 [main] StAXHandler - end StAX reading
[INFO ] 2019-12-17 22:20:19.996 [main] StAXHandler - type -> magazine
[INFO ] 2019-12-17 22:20:19.996 [main] StAXHandler - end StAX reading
[INFO ] 2019-12-17 22:20:19.996 [main] StAXHandler - glossy -> true
[INFO ] 2019-12-17 22:20:19.996 [main] StAXHandler - end StAX reading
[INFO ] 2019-12-17 22:20:19.996 [main] StAXHandler - index -> 469854
[INFO ] 2019-12-17 22:20:19.996 [main] StAXHandler - end StAX reading
[INFO ] 2019-12-17 22:20:19.996 [main] StAXHandler - end StAX reading
[INFO ] 2019-12-17 22:20:19.996 [main] StAXHandler - <-----booklet element start----->
[INFO ] 2019-12-17 22:20:19.996 [main] StAXHandler - title -> Test booklet2
[INFO ] 2019-12-17 22:20:20.000 [main] StAXHandler - end StAX reading
[INFO ] 2019-12-17 22:20:20.000 [main] StAXHandler - monthly -> false
[INFO ] 2019-12-17 22:20:20.000 [main] StAXHandler - end StAX reading
[INFO ] 2019-12-17 22:20:20.000 [main] StAXHandler - color -> true
[INFO ] 2019-12-17 22:20:20.000 [main] StAXHandler - end StAX reading
[INFO ] 2019-12-17 22:20:20.000 [main] StAXHandler - volume -> 56
[INFO ] 2019-12-17 22:20:20.000 [main] StAXHandler - end StAX reading
[INFO ] 2019-12-17 22:20:20.000 [main] StAXHandler - type -> booklet
[INFO ] 2019-12-17 22:20:20.000 [main] StAXHandler - end StAX reading
[INFO ] 2019-12-17 22:20:20.000 [main] StAXHandler - glossy -> true
[INFO ] 2019-12-17 22:20:20.000 [main] StAXHandler - end StAX reading
[INFO ] 2019-12-17 22:20:20.000 [main] StAXHandler - end StAX reading
[INFO ] 2019-12-17 22:20:20.000 [main] StAXHandler - end StAX reading
[INFO ] 2019-12-17 22:20:20.001 [main] StAXHandler - end StAX reading
[INFO ] 2019-12-17 22:20:20.006 [main] SAXHandler - start SAX reading
[INFO ] 2019-12-17 22:20:20.007 [main] SAXHandler - <-----newspaper element----->
[INFO ] 2019-12-17 22:20:20.007 [main] SAXHandler - title -> Test newspaper1
[INFO ] 2019-12-17 22:20:20.008 [main] SAXHandler - monthly -> true
[INFO ] 2019-12-17 22:20:20.008 [main] SAXHandler - color -> false
[INFO ] 2019-12-17 22:20:20.008 [main] SAXHandler - volume -> 15
[INFO ] 2019-12-17 22:20:20.008 [main] SAXHandler - type -> newspaper
[INFO ] 2019-12-17 22:20:20.008 [main] SAXHandler - glossy -> false
[INFO ] 2019-12-17 22:20:20.008 [main] SAXHandler - index -> 44654
[INFO ] 2019-12-17 22:20:20.008 [main] SAXHandler - <-----element end----->
[INFO ] 2019-12-17 22:20:20.008 [main] SAXHandler - <-----booklet element----->
[INFO ] 2019-12-17 22:20:20.008 [main] SAXHandler - title -> Test booklet1
[INFO ] 2019-12-17 22:20:20.009 [main] SAXHandler - monthly -> true
[INFO ] 2019-12-17 22:20:20.009 [main] SAXHandler - color -> true
[INFO ] 2019-12-17 22:20:20.009 [main] SAXHandler - volume -> 2
[INFO ] 2019-12-17 22:20:20.009 [main] SAXHandler - type -> booklet
[INFO ] 2019-12-17 22:20:20.009 [main] SAXHandler - glossy -> true
[INFO ] 2019-12-17 22:20:20.009 [main] SAXHandler - <-----element end----->
[INFO ] 2019-12-17 22:20:20.009 [main] SAXHandler - <-----magazine element start----->
[INFO ] 2019-12-17 22:20:20.009 [main] SAXHandler - title -> Test magazine1
[INFO ] 2019-12-17 22:20:20.010 [main] SAXHandler - monthly -> false
[INFO ] 2019-12-17 22:20:20.010 [main] SAXHandler - color -> true
[INFO ] 2019-12-17 22:20:20.010 [main] SAXHandler - volume -> 33
[INFO ] 2019-12-17 22:20:20.010 [main] SAXHandler - type -> magazine
[INFO ] 2019-12-17 22:20:20.010 [main] SAXHandler - glossy -> true
[INFO ] 2019-12-17 22:20:20.010 [main] SAXHandler - index -> 469854
[INFO ] 2019-12-17 22:20:20.010 [main] SAXHandler - <-----element end----->
[INFO ] 2019-12-17 22:20:20.010 [main] SAXHandler - <-----booklet element----->
[INFO ] 2019-12-17 22:20:20.010 [main] SAXHandler - title -> Test booklet2
[INFO ] 2019-12-17 22:20:20.010 [main] SAXHandler - monthly -> false
[INFO ] 2019-12-17 22:20:20.011 [main] SAXHandler - color -> true
[INFO ] 2019-12-17 22:20:20.011 [main] SAXHandler - volume -> 56
[INFO ] 2019-12-17 22:20:20.011 [main] SAXHandler - type -> booklet
[INFO ] 2019-12-17 22:20:20.011 [main] SAXHandler - glossy -> true
[INFO ] 2019-12-17 22:20:20.011 [main] SAXHandler - <-----element end----->
[INFO ] 2019-12-17 22:20:20.011 [main] SAXHandler - end SAX reading
[INFO ] 2019-12-17 22:20:46.723 [main] DOMHandler - start DOM reading
[INFO ] 2019-12-17 22:20:46.725 [main] DOMHandler - <-----magazine element start----->
[INFO ] 2019-12-17 22:20:46.726 [main] DOMHandler - title -> Test magazine1
[INFO ] 2019-12-17 22:20:46.726 [main] DOMHandler - monthly -> false
[INFO ] 2019-12-17 22:20:46.726 [main] DOMHandler - color -> true
[INFO ] 2019-12-17 22:20:46.726 [main] DOMHandler - volume -> 33
[INFO ] 2019-12-17 22:20:46.726 [main] DOMHandler - type -> magazine
[INFO ] 2019-12-17 22:20:46.726 [main] DOMHandler - glossy -> true
[INFO ] 2019-12-17 22:20:46.726 [main] DOMHandler - index -> 469854
[INFO ] 2019-12-17 22:20:46.726 [main] DOMHandler - <-----newspaper element start----->
[INFO ] 2019-12-17 22:20:46.726 [main] DOMHandler - title -> Test newspaper1
[INFO ] 2019-12-17 22:20:46.727 [main] DOMHandler - monthly -> true
[INFO ] 2019-12-17 22:20:46.727 [main] DOMHandler - color -> false
[INFO ] 2019-12-17 22:20:46.727 [main] DOMHandler - volume -> 15
[INFO ] 2019-12-17 22:20:46.727 [main] DOMHandler - type -> newspaper
[INFO ] 2019-12-17 22:20:46.727 [main] DOMHandler - glossy -> false
[INFO ] 2019-12-17 22:20:46.727 [main] DOMHandler - index -> 44654
[INFO ] 2019-12-17 22:20:46.727 [main] DOMHandler - <-----booklet element start----->
[INFO ] 2019-12-17 22:20:46.727 [main] DOMHandler - title -> Test booklet1
[INFO ] 2019-12-17 22:20:46.727 [main] DOMHandler - monthly -> true
[INFO ] 2019-12-17 22:20:46.727 [main] DOMHandler - color -> true
[INFO ] 2019-12-17 22:20:46.727 [main] DOMHandler - volume -> 2
[INFO ] 2019-12-17 22:20:46.727 [main] DOMHandler - type -> booklet
[INFO ] 2019-12-17 22:20:46.727 [main] DOMHandler - glossy -> true
[INFO ] 2019-12-17 22:20:46.727 [main] DOMHandler - <-----booklet element start----->
[INFO ] 2019-12-17 22:20:46.727 [main] DOMHandler - title -> Test booklet2
[INFO ] 2019-12-17 22:20:46.727 [main] DOMHandler - monthly -> false
[INFO ] 2019-12-17 22:20:46.727 [main] DOMHandler - color -> true
[INFO ] 2019-12-17 22:20:46.727 [main] DOMHandler - volume -> 56
[INFO ] 2019-12-17 22:20:46.727 [main] DOMHandler - type -> booklet
[INFO ] 2019-12-17 22:20:46.728 [main] DOMHandler - glossy -> true
[INFO ] 2019-12-17 22:20:46.728 [main] DOMHandler - end DOM reading
[INFO ] 2019-12-17 22:20:46.733 [main] StAXHandler - <-----newspaper element start----->
[INFO ] 2019-12-17 22:20:46.733 [main] StAXHandler - title -> Test newspaper1
[INFO ] 2019-12-17 22:20:46.733 [main] StAXHandler - end StAX reading
[INFO ] 2019-12-17 22:20:46.734 [main] StAXHandler - monthly -> true
[INFO ] 2019-12-17 22:20:46.734 [main] StAXHandler - end StAX reading
[INFO ] 2019-12-17 22:20:46.734 [main] StAXHandler - color -> false
[INFO ] 2019-12-17 22:20:46.734 [main] StAXHandler - end StAX reading
[INFO ] 2019-12-17 22:20:46.734 [main] StAXHandler - volume -> 15
[INFO ] 2019-12-17 22:20:46.734 [main] StAXHandler - end StAX reading
[INFO ] 2019-12-17 22:20:46.734 [main] StAXHandler - type -> newspaper
[INFO ] 2019-12-17 22:20:46.734 [main] StAXHandler - end StAX reading
[INFO ] 2019-12-17 22:20:46.734 [main] StAXHandler - glossy -> false
[INFO ] 2019-12-17 22:20:46.734 [main] StAXHandler - end StAX reading
[INFO ] 2019-12-17 22:20:46.734 [main] StAXHandler - index -> 44654
[INFO ] 2019-12-17 22:20:46.734 [main] StAXHandler - end StAX reading
[INFO ] 2019-12-17 22:20:46.734 [main] StAXHandler - end StAX reading
[INFO ] 2019-12-17 22:20:46.734 [main] StAXHandler - <-----booklet element start----->
[INFO ] 2019-12-17 22:20:46.735 [main] StAXHandler - title -> Test booklet1
[INFO ] 2019-12-17 22:20:46.735 [main] StAXHandler - end StAX reading
[INFO ] 2019-12-17 22:20:46.735 [main] StAXHandler - monthly -> true
[INFO ] 2019-12-17 22:20:46.735 [main] StAXHandler - end StAX reading
[INFO ] 2019-12-17 22:20:46.735 [main] StAXHandler - color -> true
[INFO ] 2019-12-17 22:20:46.735 [main] StAXHandler - end StAX reading
[INFO ] 2019-12-17 22:20:46.735 [main] StAXHandler - volume -> 2
[INFO ] 2019-12-17 22:20:46.735 [main] StAXHandler - end StAX reading
[INFO ] 2019-12-17 22:20:46.735 [main] StAXHandler - type -> booklet
[INFO ] 2019-12-17 22:20:46.735 [main] StAXHandler - end StAX reading
[INFO ] 2019-12-17 22:20:46.735 [main] StAXHandler - glossy -> true
[INFO ] 2019-12-17 22:20:46.735 [main] StAXHandler - end StAX reading
[INFO ] 2019-12-17 22:20:46.735 [main] StAXHandler - end StAX reading
[INFO ] 2019-12-17 22:20:46.735 [main] StAXHandler - <-----magazine element start----->
[INFO ] 2019-12-17 22:20:46.736 [main] StAXHandler - title -> Test magazine1
[INFO ] 2019-12-17 22:20:46.736 [main] StAXHandler - end StAX reading
[INFO ] 2019-12-17 22:20:46.736 [main] StAXHandler - monthly -> false
[INFO ] 2019-12-17 22:20:46.736 [main] StAXHandler - end StAX reading
[INFO ] 2019-12-17 22:20:46.736 [main] StAXHandler - color -> true
[INFO ] 2019-12-17 22:20:46.736 [main] StAXHandler - end StAX reading
[INFO ] 2019-12-17 22:20:46.737 [main] StAXHandler - volume -> 33
[INFO ] 2019-12-17 22:20:46.737 [main] StAXHandler - end StAX reading
[INFO ] 2019-12-17 22:20:46.737 [main] StAXHandler - type -> magazine
[INFO ] 2019-12-17 22:20:46.737 [main] StAXHandler - end StAX reading
[INFO ] 2019-12-17 22:20:46.737 [main] StAXHandler - glossy -> true
[INFO ] 2019-12-17 22:20:46.737 [main] StAXHandler - end StAX reading
[INFO ] 2019-12-17 22:20:46.737 [main] StAXHandler - index -> 469854
[INFO ] 2019-12-17 22:20:46.737 [main] StAXHandler - end StAX reading
[INFO ] 2019-12-17 22:20:46.737 [main] StAXHandler - end StAX reading
[INFO ] 2019-12-17 22:20:46.737 [main] StAXHandler - <-----booklet element start----->
[INFO ] 2019-12-17 22:20:46.737 [main] StAXHandler - title -> Test booklet2
[INFO ] 2019-12-17 22:20:46.737 [main] StAXHandler - end StAX reading
[INFO ] 2019-12-17 22:20:46.740 [main] StAXHandler - monthly -> false
[INFO ] 2019-12-17 22:20:46.740 [main] StAXHandler - end StAX reading
[INFO ] 2019-12-17 22:20:46.740 [main] StAXHandler - color -> true
[INFO ] 2019-12-17 22:20:46.740 [main] StAXHandler - end StAX reading
[INFO ] 2019-12-17 22:20:46.740 [main] StAXHandler - volume -> 56
[INFO ] 2019-12-17 22:20:46.741 [main] StAXHandler - end StAX reading
[INFO ] 2019-12-17 22:20:46.741 [main] StAXHandler - type -> booklet
[INFO ] 2019-12-17 22:20:46.741 [main] StAXHandler - end StAX reading
[INFO ] 2019-12-17 22:20:46.741 [main] StAXHandler - glossy -> true
[INFO ] 2019-12-17 22:20:46.741 [main] StAXHandler - end StAX reading
[INFO ] 2019-12-17 22:20:46.741 [main] StAXHandler - end StAX reading
[INFO ] 2019-12-17 22:20:46.741 [main] StAXHandler - end StAX reading
[INFO ] 2019-12-17 22:20:46.741 [main] StAXHandler - end StAX reading
[INFO ] 2019-12-17 22:20:46.753 [main] SAXHandler - start SAX reading
[INFO ] 2019-12-17 22:20:46.754 [main] SAXHandler - <-----newspaper element----->
[INFO ] 2019-12-17 22:20:46.754 [main] SAXHandler - title -> Test newspaper1
[INFO ] 2019-12-17 22:20:46.755 [main] SAXHandler - monthly -> true
[INFO ] 2019-12-17 22:20:46.755 [main] SAXHandler - color -> false
[INFO ] 2019-12-17 22:20:46.755 [main] SAXHandler - volume -> 15
[INFO ] 2019-12-17 22:20:46.755 [main] SAXHandler - type -> newspaper
[INFO ] 2019-12-17 22:20:46.755 [main] SAXHandler - glossy -> false
[INFO ] 2019-12-17 22:20:46.755 [main] SAXHandler - index -> 44654
[INFO ] 2019-12-17 22:20:46.755 [main] SAXHandler - <-----element end----->
[INFO ] 2019-12-17 22:20:46.755 [main] SAXHandler - <-----booklet element----->
[INFO ] 2019-12-17 22:20:46.755 [main] SAXHandler - title -> Test booklet1
[INFO ] 2019-12-17 22:20:46.755 [main] SAXHandler - monthly -> true
[INFO ] 2019-12-17 22:20:46.755 [main] SAXHandler - color -> true
[INFO ] 2019-12-17 22:20:46.755 [main] SAXHandler - volume -> 2
[INFO ] 2019-12-17 22:20:46.755 [main] SAXHandler - type -> booklet
[INFO ] 2019-12-17 22:20:46.755 [main] SAXHandler - glossy -> true
[INFO ] 2019-12-17 22:20:46.756 [main] SAXHandler - <-----element end----->
[INFO ] 2019-12-17 22:20:46.756 [main] SAXHandler - <-----magazine element start----->
[INFO ] 2019-12-17 22:20:46.756 [main] SAXHandler - title -> Test magazine1
[INFO ] 2019-12-17 22:20:46.756 [main] SAXHandler - monthly -> false
[INFO ] 2019-12-17 22:20:46.756 [main] SAXHandler - color -> true
[INFO ] 2019-12-17 22:20:46.756 [main] SAXHandler - volume -> 33
[INFO ] 2019-12-17 22:20:46.756 [main] SAXHandler - type -> magazine
[INFO ] 2019-12-17 22:20:46.756 [main] SAXHandler - glossy -> true
[INFO ] 2019-12-17 22:20:46.756 [main] SAXHandler - index -> 469854
[INFO ] 2019-12-17 22:20:46.756 [main] SAXHandler - <-----element end----->
[INFO ] 2019-12-17 22:20:46.756 [main] SAXHandler - <-----booklet element----->
[INFO ] 2019-12-17 22:20:46.756 [main] SAXHandler - title -> Test booklet2
[INFO ] 2019-12-17 22:20:46.756 [main] SAXHandler - monthly -> false
[INFO ] 2019-12-17 22:20:46.756 [main] SAXHandler - color -> true
[INFO ] 2019-12-17 22:20:46.756 [main] SAXHandler - volume -> 56
[INFO ] 2019-12-17 22:20:46.756 [main] SAXHandler - type -> booklet
[INFO ] 2019-12-17 22:20:46.757 [main] SAXHandler - glossy -> true
[INFO ] 2019-12-17 22:20:46.757 [main] SAXHandler - <-----element end----->
[INFO ] 2019-12-17 22:20:46.757 [main] SAXHandler - end SAX reading
